[debug] [2022-05-21T11:27:53.952Z] ----------------------------------------------------------------------
[debug] [2022-05-21T11:27:53.954Z] Command:       C:\Program Files\nodejs\node.exe C:\Users\MSJ WORLD\AppData\Roaming\npm\node_modules\firebase-tools\lib\bin\firebase.js init
[debug] [2022-05-21T11:27:53.955Z] CLI Version:   11.0.0
[debug] [2022-05-21T11:27:53.955Z] Platform:      win32
[debug] [2022-05-21T11:27:53.955Z] Node Version:  v16.15.0
[debug] [2022-05-21T11:27:53.956Z] Time:          Sat May 21 2022 04:27:53 GMT-0700 (Pacific Daylight Time)
[debug] [2022-05-21T11:27:53.957Z] ----------------------------------------------------------------------
[debug] 
[debug] [2022-05-21T11:27:54.038Z] > command requires scopes: ["email","openid","https://www.googleapis.com/auth/cloudplatformprojects.readonly","https://www.googleapis.com/auth/firebase","https://www.googleapis.com/auth/cloud-platform"]
[debug] [2022-05-21T11:27:54.038Z] > authorizing via signed-in user (jmani3909@gmail.com)
[info] 
     ######## #### ########  ######## ########     ###     ######  ########
     ##        ##  ##     ## ##       ##     ##  ##   ##  ##       ##
     ######    ##  ########  ######   ########  #########  ######  ######
     ##        ##  ##    ##  ##       ##     ## ##     ##       ## ##
     ##       #### ##     ## ######## ########  ##     ##  ######  ########

You're about to initialize a Firebase project in this directory:

  C:\xampp\htdocs\msj\public

Before we get started, keep in mind:

  * You are currently outside your home directory
  * You are initializing within an existing Firebase project directory

[info] 
=== Project Setup
[info] 
[info] First, let's associate this project directory with a Firebase project.
[info] You can create multiple project aliases by running firebase use --add, 
[info] but for now we'll just set up a default project.
[info] 
[debug] [2022-05-21T11:28:10.493Z] Using project from CLI flag: msjaa-3c51f
[debug] [2022-05-21T11:28:10.497Z] >>> [apiv2][query] GET https://firebase.googleapis.com/v1beta1/projects/msjaa-3c51f [none]
[debug] [2022-05-21T11:28:11.317Z] <<< [apiv2][status] GET https://firebase.googleapis.com/v1beta1/projects/msjaa-3c51f 403
[debug] [2022-05-21T11:28:11.318Z] <<< [apiv2][body] GET https://firebase.googleapis.com/v1beta1/projects/msjaa-3c51f {"error":{"code":403,"message":"The caller does not have permission","status":"PERMISSION_DENIED"}}
[debug] [2022-05-21T11:28:11.319Z] HTTP Error: 403, The caller does not have permission
[debug] [2022-05-21T11:28:11.551Z] FirebaseError: HTTP Error: 403, The caller does not have permission
    at module.exports (C:\Users\MSJ WORLD\AppData\Roaming\npm\node_modules\firebase-tools\lib\responseToError.js:47:12)
    at RetryOperation._fn (C:\Users\MSJ WORLD\AppData\Roaming\npm\node_modules\firebase-tools\lib\apiv2.js:286:39)
    at processTicksAndRejections (node:internal/process/task_queues:96:5)
[error] 
[error] Error: Failed to get Firebase project msjaa-3c51f. Please make sure the project exists and your account has permission to access it.
[debug] [2022-05-21T11:28:21.161Z] ----------------------------------------------------------------------
[debug] [2022-05-21T11:28:21.164Z] Command:       C:\Program Files\nodejs\node.exe C:\Users\MSJ WORLD\AppData\Roaming\npm\node_modules\firebase-tools\lib\bin\firebase.js init
[debug] [2022-05-21T11:28:21.164Z] CLI Version:   11.0.0
[debug] [2022-05-21T11:28:21.165Z] Platform:      win32
[debug] [2022-05-21T11:28:21.165Z] Node Version:  v16.15.0
[debug] [2022-05-21T11:28:21.166Z] Time:          Sat May 21 2022 04:28:21 GMT-0700 (Pacific Daylight Time)
[debug] [2022-05-21T11:28:21.166Z] ----------------------------------------------------------------------
[debug] 
[debug] [2022-05-21T11:28:21.249Z] > command requires scopes: ["email","openid","https://www.googleapis.com/auth/cloudplatformprojects.readonly","https://www.googleapis.com/auth/firebase","https://www.googleapis.com/auth/cloud-platform"]
[debug] [2022-05-21T11:28:21.249Z] > authorizing via signed-in user (jmani3909@gmail.com)
[info] 
     ######## #### ########  ######## ########     ###     ######  ########
     ##        ##  ##     ## ##       ##     ##  ##   ##  ##       ##
     ######    ##  ########  ######   ########  #########  ######  ######
     ##        ##  ##    ##  ##       ##     ## ##     ##       ## ##
     ##       #### ##     ## ######## ########  ##     ##  ######  ########

You're about to initialize a Firebase project in this directory:

  C:\xampp\htdocs\msj\public

Before we get started, keep in mind:

  * You are currently outside your home directory
  * You are initializing within an existing Firebase project directory

[info] 
=== Project Setup
[info] 
[info] First, let's associate this project directory with a Firebase project.
[info] You can create multiple project aliases by running firebase use --add, 
[info] but for now we'll just set up a default project.
[info] 
[debug] [2022-05-21T11:28:29.426Z] Using project from CLI flag: msjaa-3c51f
[debug] [2022-05-21T11:28:29.431Z] >>> [apiv2][query] GET https://firebase.googleapis.com/v1beta1/projects/msjaa-3c51f [none]
[debug] [2022-05-21T11:28:30.026Z] <<< [apiv2][status] GET https://firebase.googleapis.com/v1beta1/projects/msjaa-3c51f 403
[debug] [2022-05-21T11:28:30.026Z] <<< [apiv2][body] GET https://firebase.googleapis.com/v1beta1/projects/msjaa-3c51f {"error":{"code":403,"message":"The caller does not have permission","status":"PERMISSION_DENIED"}}
[debug] [2022-05-21T11:28:30.027Z] HTTP Error: 403, The caller does not have permission
[debug] [2022-05-21T11:28:30.267Z] FirebaseError: HTTP Error: 403, The caller does not have permission
    at module.exports (C:\Users\MSJ WORLD\AppData\Roaming\npm\node_modules\firebase-tools\lib\responseToError.js:47:12)
    at RetryOperation._fn (C:\Users\MSJ WORLD\AppData\Roaming\npm\node_modules\firebase-tools\lib\apiv2.js:286:39)
    at processTicksAndRejections (node:internal/process/task_queues:96:5)
[error] 
[error] Error: Failed to get Firebase project msjaa-3c51f. Please make sure the project exists and your account has permission to access it.
[debug] [2022-05-21T11:30:11.603Z] ----------------------------------------------------------------------
[debug] [2022-05-21T11:30:11.607Z] Command:       C:\Program Files\nodejs\node.exe C:\Users\MSJ WORLD\AppData\Roaming\npm\node_modules\firebase-tools\lib\bin\firebase.js init
[debug] [2022-05-21T11:30:11.608Z] CLI Version:   11.0.0
[debug] [2022-05-21T11:30:11.608Z] Platform:      win32
[debug] [2022-05-21T11:30:11.608Z] Node Version:  v16.15.0
[debug] [2022-05-21T11:30:11.610Z] Time:          Sat May 21 2022 04:30:11 GMT-0700 (Pacific Daylight Time)
[debug] [2022-05-21T11:30:11.610Z] ----------------------------------------------------------------------
[debug] 
[debug] [2022-05-21T11:30:11.762Z] > command requires scopes: ["email","openid","https://www.googleapis.com/auth/cloudplatformprojects.readonly","https://www.googleapis.com/auth/firebase","https://www.googleapis.com/auth/cloud-platform"]
[debug] [2022-05-21T11:30:11.763Z] > authorizing via signed-in user (jmani3909@gmail.com)
[info] 
     ######## #### ########  ######## ########     ###     ######  ########
     ##        ##  ##     ## ##       ##     ##  ##   ##  ##       ##
     ######    ##  ########  ######   ########  #########  ######  ######
     ##        ##  ##    ##  ##       ##     ## ##     ##       ## ##
     ##       #### ##     ## ######## ########  ##     ##  ######  ########

You're about to initialize a Firebase project in this directory:

  C:\xampp\htdocs\msj\public

Before we get started, keep in mind:

  * You are currently outside your home directory
  * You are initializing within an existing Firebase project directory

[info] 
=== Project Setup
[info] 
[info] First, let's associate this project directory with a Firebase project.
[info] You can create multiple project aliases by running firebase use --add, 
[info] but for now we'll just set up a default project.
[info] 
[debug] [2022-05-21T11:30:20.103Z] Using project from CLI flag: msjaa-3c51f
[debug] [2022-05-21T11:30:20.108Z] >>> [apiv2][query] GET https://firebase.googleapis.com/v1beta1/projects/msjaa-3c51f [none]
[debug] [2022-05-21T11:30:20.909Z] <<< [apiv2][status] GET https://firebase.googleapis.com/v1beta1/projects/msjaa-3c51f 403
[debug] [2022-05-21T11:30:20.909Z] <<< [apiv2][body] GET https://firebase.googleapis.com/v1beta1/projects/msjaa-3c51f {"error":{"code":403,"message":"The caller does not have permission","status":"PERMISSION_DENIED"}}
[debug] [2022-05-21T11:30:20.910Z] HTTP Error: 403, The caller does not have permission
[debug] [2022-05-21T11:30:21.200Z] FirebaseError: HTTP Error: 403, The caller does not have permission
    at module.exports (C:\Users\MSJ WORLD\AppData\Roaming\npm\node_modules\firebase-tools\lib\responseToError.js:47:12)
    at RetryOperation._fn (C:\Users\MSJ WORLD\AppData\Roaming\npm\node_modules\firebase-tools\lib\apiv2.js:286:39)
    at processTicksAndRejections (node:internal/process/task_queues:96:5)
[error] 
[error] Error: Failed to get Firebase project msjaa-3c51f. Please make sure the project exists and your account has permission to access it.
